<?xml version="1.0" encoding="UTF-8"?>
<!-- Generated by org.testng.reporters.JUnitReportReporter -->
<testsuite hostname="EG5CG8352J1L" failures="0" tests="2" name="tests.TestSuite" time="53.926" errors="0" timestamp="21 Apr 2021 14:11:56 GMT" skipped="1">
  <testcase classname="tests.TestSuite" name="testDeleteBooking" time="53.926"/>
  <testcase classname="tests.TestSuite" name="testCreateBooking">
    <skipped/>
  </testcase> <!-- testCreateBooking -->
</testsuite> <!-- tests.TestSuite -->
